# JRE version: OpenJDK Runtime Environment (21.0.5) (build 21.0.5+-12932927-b750.29)
# Java VM: OpenJDK 64-Bit Server VM (21.0.5+-12932927-b750.29, mixed mode, tiered, compressed oops, compressed class ptrs, g1 gc, windows-amd64)
GC Precious Log:
 CardTable entry size: 512
 Card Set container configuration: InlinePtr #cards 4 size 8 Array Of Cards #cards 16 size 48 Howl #buckets 8 coarsen threshold 3686 Howl Bitmap #cards 512 size 80 coarsen threshold 460 Card regions per heap region 1 cards per card region 4096
 CPUs: 16 total, 16 available
 Memory: 16110M
 Large Page Support: Disabled
 NUMA Support: Disabled
 Compressed Oops: Enabled (Zero based)
 Heap Region Size: 2M
 Heap Min Capacity: 8M
 Heap Initial Capacity: 252M
 Heap Max Capacity: 4028M
 Pre-touch: Disabled
 Parallel Workers: 13
 Concurrent Workers: 3
 Concurrent Refinement Workers: 13
 Periodic GC: Disabled
Heap:
 garbage-first heap   total 227328K, used 165888K [0x0000000704400000, 0x0000000800000000)
  region size 2048K, 19 young (38912K), 5 survivors (10240K)
 Metaspace       used 83281K, committed 83712K, reserved 1179648K
  class space    used 8519K, committed 8704K, reserved 1048576K
GC Heap History (20 events):
Event: 4.780 GC heap before
{Heap before GC invocations=16 (full 0):
 garbage-first heap   total 137216K, used 109988K [0x0000000704400000, 0x0000000800000000)
  region size 2048K, 23 young (47104K), 4 survivors (8192K)
 Metaspace       used 58638K, committed 59008K, reserved 1114112K
  class space    used 6487K, committed 6656K, reserved 1048576K
}
Event: 4.790 GC heap after
{Heap after GC invocations=17 (full 0):
 garbage-first heap   total 137216K, used 77204K [0x0000000704400000, 0x0000000800000000)
  region size 2048K, 3 young (6144K), 3 survivors (6144K)
 Metaspace       used 58638K, committed 59008K, reserved 1114112K
  class space    used 6487K, committed 6656K, reserved 1048576K
}
Event: 5.237 GC heap before
{Heap before GC invocations=18 (full 0):
 garbage-first heap   total 137216K, used 114068K [0x0000000704400000, 0x0000000800000000)
  region size 2048K, 21 young (43008K), 3 survivors (6144K)
 Metaspace       used 59155K, committed 59456K, reserved 1114112K
  class space    used 6528K, committed 6656K, reserved 1048576K
}
Event: 5.247 GC heap after
{Heap after GC invocations=19 (full 0):
 garbage-first heap   total 137216K, used 83317K [0x0000000704400000, 0x0000000800000000)
  region size 2048K, 3 young (6144K), 3 survivors (6144K)
 Metaspace       used 59155K, committed 59456K, reserved 1114112K
  class space    used 6528K, committed 6656K, reserved 1048576K
}
Event: 5.700 GC heap before
{Heap before GC invocations=19 (full 0):
 garbage-first heap   total 137216K, used 118133K [0x0000000704400000, 0x0000000800000000)
  region size 2048K, 20 young (40960K), 3 survivors (6144K)
 Metaspace       used 59489K, committed 59840K, reserved 1114112K
  class space    used 6543K, committed 6720K, reserved 1048576K
}
Event: 5.709 GC heap after
{Heap after GC invocations=20 (full 0):
 garbage-first heap   total 165888K, used 87572K [0x0000000704400000, 0x0000000800000000)
  region size 2048K, 3 young (6144K), 3 survivors (6144K)
 Metaspace       used 59489K, committed 59840K, reserved 1114112K
  class space    used 6543K, committed 6720K, reserved 1048576K
}
Event: 6.370 GC heap before
{Heap before GC invocations=20 (full 0):
 garbage-first heap   total 165888K, used 136724K [0x0000000704400000, 0x0000000800000000)
  region size 2048K, 27 young (55296K), 3 survivors (6144K)
 Metaspace       used 60071K, committed 60416K, reserved 1114112K
  class space    used 6560K, committed 6720K, reserved 1048576K
}
Event: 6.382 GC heap after
{Heap after GC invocations=21 (full 0):
 garbage-first heap   total 165888K, used 95600K [0x0000000704400000, 0x0000000800000000)
  region size 2048K, 4 young (8192K), 4 survivors (8192K)
 Metaspace       used 60071K, committed 60416K, reserved 1114112K
  class space    used 6560K, committed 6720K, reserved 1048576K
}
Event: 7.212 GC heap before
{Heap before GC invocations=22 (full 0):
 garbage-first heap   total 165888K, used 140656K [0x0000000704400000, 0x0000000800000000)
  region size 2048K, 27 young (55296K), 4 survivors (8192K)
 Metaspace       used 63545K, committed 63872K, reserved 1114112K
  class space    used 6844K, committed 6976K, reserved 1048576K
}
Event: 7.224 GC heap after
{Heap after GC invocations=23 (full 0):
 garbage-first heap   total 165888K, used 101473K [0x0000000704400000, 0x0000000800000000)
  region size 2048K, 3 young (6144K), 3 survivors (6144K)
 Metaspace       used 63545K, committed 63872K, reserved 1114112K
  class space    used 6844K, committed 6976K, reserved 1048576K
}
Event: 7.905 GC heap before
{Heap before GC invocations=23 (full 0):
 garbage-first heap   total 165888K, used 144481K [0x0000000704400000, 0x0000000800000000)
  region size 2048K, 24 young (49152K), 3 survivors (6144K)
 Metaspace       used 64876K, committed 65216K, reserved 1114112K
  class space    used 6914K, committed 7040K, reserved 1048576K
}
Event: 7.917 GC heap after
{Heap after GC invocations=24 (full 0):
 garbage-first heap   total 165888K, used 106496K [0x0000000704400000, 0x0000000800000000)
  region size 2048K, 3 young (6144K), 3 survivors (6144K)
 Metaspace       used 64876K, committed 65216K, reserved 1114112K
  class space    used 6914K, committed 7040K, reserved 1048576K
}
Event: 8.489 GC heap before
{Heap before GC invocations=24 (full 0):
 garbage-first heap   total 165888K, used 145408K [0x0000000704400000, 0x0000000800000000)
  region size 2048K, 23 young (47104K), 3 survivors (6144K)
 Metaspace       used 69589K, committed 69888K, reserved 1114112K
  class space    used 7306K, committed 7424K, reserved 1048576K
}
Event: 8.509 GC heap after
{Heap after GC invocations=25 (full 0):
 garbage-first heap   total 165888K, used 112640K [0x0000000704400000, 0x0000000800000000)
  region size 2048K, 3 young (6144K), 3 survivors (6144K)
 Metaspace       used 69589K, committed 69888K, reserved 1114112K
  class space    used 7306K, committed 7424K, reserved 1048576K
}
Event: 9.238 GC heap before
{Heap before GC invocations=26 (full 0):
 garbage-first heap   total 188416K, used 147456K [0x0000000704400000, 0x0000000800000000)
  region size 2048K, 20 young (40960K), 3 survivors (6144K)
 Metaspace       used 72989K, committed 73344K, reserved 1179648K
  class space    used 7598K, committed 7744K, reserved 1048576K
}
Event: 9.249 GC heap after
{Heap after GC invocations=27 (full 0):
 garbage-first heap   total 188416K, used 118784K [0x0000000704400000, 0x0000000800000000)
  region size 2048K, 3 young (6144K), 3 survivors (6144K)
 Metaspace       used 72989K, committed 73344K, reserved 1179648K
  class space    used 7598K, committed 7744K, reserved 1048576K
}
Event: 10.101 GC heap before
{Heap before GC invocations=27 (full 0):
 garbage-first heap   total 188416K, used 165888K [0x0000000704400000, 0x0000000800000000)
  region size 2048K, 26 young (53248K), 3 survivors (6144K)
 Metaspace       used 77107K, committed 77440K, reserved 1179648K
  class space    used 7966K, committed 8128K, reserved 1048576K
}
Event: 10.112 GC heap after
{Heap after GC invocations=28 (full 0):
 garbage-first heap   total 227328K, used 122592K [0x0000000704400000, 0x0000000800000000)
  region size 2048K, 3 young (6144K), 3 survivors (6144K)
 Metaspace       used 77107K, committed 77440K, reserved 1179648K
  class space    used 7966K, committed 8128K, reserved 1048576K
}
Event: 11.325 GC heap before
{Heap before GC invocations=28 (full 0):
 garbage-first heap   total 227328K, used 190176K [0x0000000704400000, 0x0000000800000000)
  region size 2048K, 37 young (75776K), 3 survivors (6144K)
 Metaspace       used 79092K, committed 79488K, reserved 1179648K
  class space    used 8126K, committed 8320K, reserved 1048576K
}
Event: 11.339 GC heap after
{Heap after GC invocations=29 (full 0):
 garbage-first heap   total 227328K, used 139264K [0x0000000704400000, 0x0000000800000000)
  region size 2048K, 5 young (10240K), 5 survivors (10240K)
 Metaspace       used 79092K, committed 79488K, reserved 1179648K
  class space    used 8126K, committed 8320K, reserved 1048576K
}

